<?xml version="1.0" encoding="UTF-8"?>
<testsuite xmlns:xsi="http://www.w3.org/2001/XMLSchema-instance" xsi:noNamespaceSchemaLocation="https://maven.apache.org/surefire/maven-surefire-plugin/xsd/surefire-test-report-3.0.xsd" version="3.0" name="org.financial.resources.FinancialResourceTest" time="14.445" tests="3" errors="0" skipped="0" failures="0">
  <properties>
[...]
</properties>
  <testcase name="testGetStockMarketActions" classname="org.financial.resources.FinancialResourceTest" time="0.329">
    <system-out><![CDATA[2024-05-12 03:32:47,308 WARN  [io.qua.res.rea.com.dep.ResteasyReactiveCommonProcessor] (build-26) Mixing Quarkus REST server and RESTEasy Classic client parts might lead to unexpected results. Consider using 'quarkus-rest-client' instead of 'quarkus-resteasy-client'.
2024-05-12 03:32:48,853 WARN  [io.qua.res.com.dep.ResteasyCommonProcessor] (build-47) Quarkus detected the need for Mutiny reactive programming support, however the quarkus-resteasy-mutiny extension was not present. Reactive REST endpoints in your application that return Uni or Multi will not function as you expect until you add this extension. Endpoints that need Mutiny are: org.financial.resources.FinancialResource{io.smallrye.mutiny.Uni<java.util.List<io.quarkus.hibernate.reactive.panache.PanacheEntityBase>> getStockMarketActionsReactive()}, org.financial.resources.FinancialResource{io.smallrye.mutiny.Uni<java.util.List<org.financial.domain.StockMarketAction>> getStockMarketActionsReactiveRepository()}, org.financial.resources.FinancialResource{io.smallrye.mutiny.Uni<jakarta.ws.rs.core.Response> createReactive(org.financial.request.StockMarketActionRequest request)}, org.financial.resources.FinancialResource{io.smallrye.mutiny.Uni<org.financial.domain.StockMarketAction> createReactiveRepository(org.financial.request.StockMarketActionRequest request)}
2024-05-12 03:32:50,967 WARN  [io.qua.config] (main) Unrecognized configuration key "quarkus.datasource.jdbc" was provided; it will be ignored; verify that the dependency extension for this configuration is set or that you did not make a typo
2024-05-12 03:32:52,200 WARN  [io.sma.graphql] (main) SRGQL010000: Schema is null, or it has no operations. Not bootstrapping SmallRye GraphQL
2024-05-12 03:32:52,623 INFO  [org.hib.rea.pro.imp.ReactiveIntegrator] (JPA Startup Thread) HR000001: Hibernate Reactive
2024-05-12 03:32:53,906 INFO  [io.quarkus] (main) quarkus-financial 1.0.0-SNAPSHOT on JVM (powered by Quarkus 3.10.0) started in 8.513s. Listening on: http://localhost:8081
2024-05-12 03:32:53,906 INFO  [io.quarkus] (main) Profile test activated. 
2024-05-12 03:32:53,907 INFO  [io.quarkus] (main) Installed features: [cdi, hibernate-orm, hibernate-reactive, hibernate-reactive-panache, hibernate-validator, jdbc-postgresql, reactive-pg-client, rest, rest-jackson, resteasy-client, resteasy-client-jackson, smallrye-context-propagation, smallrye-graphql, smallrye-openapi, swagger-ui, vertx]
]]></system-out>
  </testcase>
  <testcase name="testCreateSymbolNotFound" classname="org.financial.resources.FinancialResourceTest" time="0.002"/>
  <testcase name="testCreateValidSymbol" classname="org.financial.resources.FinancialResourceTest" time="0.001"/>
</testsuite>